<?xml version="1.0" encoding="UTF-8"?>
<!-- Generated by org.testng.reporters.JUnitXMLReporter -->
<testsuite hostname="DESKTOP-HT35607" ignored="0" name="AssureLabs" tests="5" failures="0" timestamp="10 Mar 2022 09:25:13 GMT" time="147.496" errors="0">
  <testcase name="loginwithvalidemailpassword" time="6.505" classname="com.testcase_testng.TC_InvestorRetirmentProfile"/>
  <testcase name="OpenProfile" time="37.264" classname="com.testcase_testng.TC_InvestorRetirmentProfile"/>
  <testcase name="ValidateMandatoryRetirmentFields" time="6.759" classname="com.testcase_testng.TC_InvestorRetirmentProfile"/>
  <testcase name="ValidateUSCitizenRetirmentFields" time="30.064" classname="com.testcase_testng.TC_InvestorRetirmentProfile"/>
  <testcase name="ValidateNonUSCitizenRetirmentFields" time="41.803" classname="com.testcase_testng.TC_InvestorRetirmentProfile"/>
</testsuite> <!-- AssureLabs -->
